<?xml version="1.0" encoding="UTF-8"?>
<testsuite xmlns:xsi="http://www.w3.org/2001/XMLSchema-instance" xsi:noNamespaceSchemaLocation="https://maven.apache.org/surefire/maven-surefire-plugin/xsd/surefire-test-report.xsd" name="com.swagger.microservice.testservice.ApplicationTests" time="18.875" tests="1" errors="0" skipped="0" failures="0">
  <properties>
    <property name="sun.desktop" value="windows"/>
    <property name="awt.toolkit" value="sun.awt.windows.WToolkit"/>
    <property name="file.encoding.pkg" value="sun.io"/>
    <property name="java.specification.version" value="1.8"/>
    <property name="sun.cpu.isalist" value="amd64"/>
    <property name="sun.jnu.encoding" value="Cp1252"/>
    <property name="java.class.path" value="C:\Workspaces\microservices\test-service\pet-service\target\test-classes;C:\Workspaces\microservices\test-service\pet-service\target\classes;C:\Workspaces\microservices\test-service\domain-models\target\domain-models-0.0.1-SNAPSHOT.jar;C:\Workspaces\microservices\test-service\swagger-specs\target\swagger-specs-0.0.1-SNAPSHOT.jar;C:\mvn_repo\com\fasterxml\jackson\core\jackson-annotations\2.9.0\jackson-annotations-2.9.0.jar;C:\mvn_repo\org\springframework\spring-context\5.2.0.M2\spring-context-5.2.0.M2.jar;C:\mvn_repo\org\springframework\spring-aop\5.2.0.M2\spring-aop-5.2.0.M2.jar;C:\mvn_repo\org\springframework\spring-expression\5.2.0.M2\spring-expression-5.2.0.M2.jar;C:\mvn_repo\jakarta\validation\jakarta.validation-api\2.0.1\jakarta.validation-api-2.0.1.jar;C:\mvn_repo\org\springframework\boot\spring-boot-starter\2.2.0.M3\spring-boot-starter-2.2.0.M3.jar;C:\mvn_repo\org\springframework\boot\spring-boot\2.2.0.M3\spring-boot-2.2.0.M3.jar;C:\mvn_repo\org\springframework\boot\spring-boot-autoconfigure\2.2.0.M3\spring-boot-autoconfigure-2.2.0.M3.jar;C:\mvn_repo\org\springframework\boot\spring-boot-starter-logging\2.2.0.M3\spring-boot-starter-logging-2.2.0.M3.jar;C:\mvn_repo\ch\qos\logback\logback-classic\1.2.3\logback-classic-1.2.3.jar;C:\mvn_repo\ch\qos\logback\logback-core\1.2.3\logback-core-1.2.3.jar;C:\mvn_repo\org\apache\logging\log4j\log4j-to-slf4j\2.11.2\log4j-to-slf4j-2.11.2.jar;C:\mvn_repo\org\apache\logging\log4j\log4j-api\2.11.2\log4j-api-2.11.2.jar;C:\mvn_repo\org\slf4j\jul-to-slf4j\1.7.26\jul-to-slf4j-1.7.26.jar;C:\mvn_repo\jakarta\annotation\jakarta.annotation-api\1.3.4\jakarta.annotation-api-1.3.4.jar;C:\mvn_repo\org\springframework\spring-core\5.2.0.M2\spring-core-5.2.0.M2.jar;C:\mvn_repo\org\springframework\spring-jcl\5.2.0.M2\spring-jcl-5.2.0.M2.jar;C:\mvn_repo\org\yaml\snakeyaml\1.24\snakeyaml-1.24.jar;C:\mvn_repo\org\springframework\cloud\spring-cloud-starter-openfeign\2.1.0.RELEASE\spring-cloud-starter-openfeign-2.1.0.RELEASE.jar;C:\mvn_repo\org\springframework\cloud\spring-cloud-starter\2.1.0.RELEASE\spring-cloud-starter-2.1.0.RELEASE.jar;C:\mvn_repo\org\springframework\cloud\spring-cloud-context\2.1.0.RELEASE\spring-cloud-context-2.1.0.RELEASE.jar;C:\mvn_repo\org\springframework\security\spring-security-rsa\1.0.7.RELEASE\spring-security-rsa-1.0.7.RELEASE.jar;C:\mvn_repo\org\bouncycastle\bcpkix-jdk15on\1.60\bcpkix-jdk15on-1.60.jar;C:\mvn_repo\org\bouncycastle\bcprov-jdk15on\1.60\bcprov-jdk15on-1.60.jar;C:\mvn_repo\org\springframework\cloud\spring-cloud-openfeign-core\2.1.0.RELEASE\spring-cloud-openfeign-core-2.1.0.RELEASE.jar;C:\mvn_repo\org\springframework\cloud\spring-cloud-netflix-ribbon\2.1.0.RELEASE\spring-cloud-netflix-ribbon-2.1.0.RELEASE.jar;C:\mvn_repo\org\springframework\cloud\spring-cloud-netflix-archaius\2.1.0.RELEASE\spring-cloud-netflix-archaius-2.1.0.RELEASE.jar;C:\mvn_repo\org\springframework\boot\spring-boot-starter-aop\2.2.0.M3\spring-boot-starter-aop-2.2.0.M3.jar;C:\mvn_repo\org\aspectj\aspectjweaver\1.9.4\aspectjweaver-1.9.4.jar;C:\mvn_repo\io\github\openfeign\form\feign-form-spring\3.5.0\feign-form-spring-3.5.0.jar;C:\mvn_repo\commons-fileupload\commons-fileupload\1.3.3\commons-fileupload-1.3.3.jar;C:\mvn_repo\commons-io\commons-io\2.2\commons-io-2.2.jar;C:\mvn_repo\org\springframework\spring-web\5.2.0.M2\spring-web-5.2.0.M2.jar;C:\mvn_repo\org\springframework\cloud\spring-cloud-commons\2.1.0.RELEASE\spring-cloud-commons-2.1.0.RELEASE.jar;C:\mvn_repo\org\springframework\security\spring-security-crypto\5.2.0.M2\spring-security-crypto-5.2.0.M2.jar;C:\mvn_repo\io\github\openfeign\feign-hystrix\10.1.0\feign-hystrix-10.1.0.jar;C:\mvn_repo\com\netflix\archaius\archaius-core\0.7.6\archaius-core-0.7.6.jar;C:\mvn_repo\com\google\code\findbugs\jsr305\3.0.1\jsr305-3.0.1.jar;C:\mvn_repo\commons-configuration\commons-configuration\1.8\commons-configuration-1.8.jar;C:\mvn_repo\commons-lang\commons-lang\2.6\commons-lang-2.6.jar;C:\mvn_repo\com\google\guava\guava\16.0\guava-16.0.jar;C:\mvn_repo\com\netflix\hystrix\hystrix-core\1.5.18\hystrix-core-1.5.18.jar;C:\mvn_repo\io\reactivex\rxjava\1.3.8\rxjava-1.3.8.jar;C:\mvn_repo\org\hdrhistogram\HdrHistogram\2.1.9\HdrHistogram-2.1.9.jar;C:\mvn_repo\org\springframework\security\oauth\spring-security-oauth2\2.0.10.RELEASE\spring-security-oauth2-2.0.10.RELEASE.jar;C:\mvn_repo\org\springframework\spring-beans\5.2.0.M2\spring-beans-5.2.0.M2.jar;C:\mvn_repo\org\springframework\spring-webmvc\5.2.0.M2\spring-webmvc-5.2.0.M2.jar;C:\mvn_repo\org\springframework\security\spring-security-core\5.2.0.M2\spring-security-core-5.2.0.M2.jar;C:\mvn_repo\org\springframework\security\spring-security-config\5.2.0.M2\spring-security-config-5.2.0.M2.jar;C:\mvn_repo\org\springframework\security\spring-security-web\5.2.0.M2\spring-security-web-5.2.0.M2.jar;C:\mvn_repo\commons-codec\commons-codec\1.12\commons-codec-1.12.jar;C:\mvn_repo\org\codehaus\jackson\jackson-mapper-asl\1.9.13\jackson-mapper-asl-1.9.13.jar;C:\mvn_repo\org\codehaus\jackson\jackson-core-asl\1.9.13\jackson-core-asl-1.9.13.jar;C:\mvn_repo\io\swagger\swagger-annotations\1.5.4\swagger-annotations-1.5.4.jar;C:\mvn_repo\io\github\openfeign\feign-jackson\9.7.0\feign-jackson-9.7.0.jar;C:\mvn_repo\com\fasterxml\jackson\core\jackson-databind\2.9.8\jackson-databind-2.9.8.jar;C:\mvn_repo\io\github\openfeign\feign-core\9.7.0\feign-core-9.7.0.jar;C:\mvn_repo\io\github\openfeign\feign-slf4j\9.7.0\feign-slf4j-9.7.0.jar;C:\mvn_repo\org\slf4j\slf4j-api\1.7.26\slf4j-api-1.7.26.jar;C:\mvn_repo\io\github\openfeign\form\feign-form\3.8.0\feign-form-3.8.0.jar;C:\mvn_repo\io\github\openfeign\feign-okhttp\9.7.0\feign-okhttp-9.7.0.jar;C:\mvn_repo\com\squareup\okhttp3\okhttp\3.14.1\okhttp-3.14.1.jar;C:\mvn_repo\com\squareup\okio\okio\1.17.2\okio-1.17.2.jar;C:\mvn_repo\io\github\openfeign\feign-httpclient\9.7.0\feign-httpclient-9.7.0.jar;C:\mvn_repo\org\apache\httpcomponents\httpclient\4.5.8\httpclient-4.5.8.jar;C:\mvn_repo\org\apache\httpcomponents\httpcore\4.4.11\httpcore-4.4.11.jar;C:\mvn_repo\com\github\joschi\jackson\jackson-datatype-threetenbp\2.6.4\jackson-datatype-threetenbp-2.6.4.jar;C:\mvn_repo\com\fasterxml\jackson\core\jackson-core\2.9.8\jackson-core-2.9.8.jar;C:\mvn_repo\io\swagger\core\v3\swagger-annotations\2.0.8\swagger-annotations-2.0.8.jar;C:\mvn_repo\org\threeten\threetenbp\1.3.3\threetenbp-1.3.3.jar;C:\mvn_repo\org\apache\oltu\oauth2\org.apache.oltu.oauth2.client\1.0.2\org.apache.oltu.oauth2.client-1.0.2.jar;C:\mvn_repo\org\apache\oltu\oauth2\org.apache.oltu.oauth2.common\1.0.2\org.apache.oltu.oauth2.common-1.0.2.jar;C:\mvn_repo\org\json\json\20140107\json-20140107.jar;C:\mvn_repo\javax\validation\validation-api\2.0.1.Final\validation-api-2.0.1.Final.jar;C:\mvn_repo\org\springframework\boot\spring-boot-starter-test\2.2.0.M3\spring-boot-starter-test-2.2.0.M3.jar;C:\mvn_repo\org\springframework\boot\spring-boot-test\2.2.0.M3\spring-boot-test-2.2.0.M3.jar;C:\mvn_repo\org\springframework\boot\spring-boot-test-autoconfigure\2.2.0.M3\spring-boot-test-autoconfigure-2.2.0.M3.jar;C:\mvn_repo\com\jayway\jsonpath\json-path\2.4.0\json-path-2.4.0.jar;C:\mvn_repo\net\minidev\json-smart\2.3\json-smart-2.3.jar;C:\mvn_repo\net\minidev\accessors-smart\1.2\accessors-smart-1.2.jar;C:\mvn_repo\org\ow2\asm\asm\5.0.4\asm-5.0.4.jar;C:\mvn_repo\jakarta\xml\bind\jakarta.xml.bind-api\2.3.2\jakarta.xml.bind-api-2.3.2.jar;C:\mvn_repo\jakarta\activation\jakarta.activation-api\1.2.1\jakarta.activation-api-1.2.1.jar;C:\mvn_repo\org\junit\jupiter\junit-jupiter\5.4.2\junit-jupiter-5.4.2.jar;C:\mvn_repo\org\junit\jupiter\junit-jupiter-api\5.4.2\junit-jupiter-api-5.4.2.jar;C:\mvn_repo\org\apiguardian\apiguardian-api\1.0.0\apiguardian-api-1.0.0.jar;C:\mvn_repo\org\opentest4j\opentest4j\1.1.1\opentest4j-1.1.1.jar;C:\mvn_repo\org\junit\platform\junit-platform-commons\1.4.2\junit-platform-commons-1.4.2.jar;C:\mvn_repo\org\junit\jupiter\junit-jupiter-params\5.4.2\junit-jupiter-params-5.4.2.jar;C:\mvn_repo\org\junit\jupiter\junit-jupiter-engine\5.4.2\junit-jupiter-engine-5.4.2.jar;C:\mvn_repo\org\junit\platform\junit-platform-engine\1.4.2\junit-platform-engine-1.4.2.jar;C:\mvn_repo\org\mockito\mockito-junit-jupiter\2.27.0\mockito-junit-jupiter-2.27.0.jar;C:\mvn_repo\org\assertj\assertj-core\3.12.2\assertj-core-3.12.2.jar;C:\mvn_repo\org\hamcrest\hamcrest-core\1.3\hamcrest-core-1.3.jar;C:\mvn_repo\org\hamcrest\hamcrest-library\1.3\hamcrest-library-1.3.jar;C:\mvn_repo\org\mockito\mockito-core\2.27.0\mockito-core-2.27.0.jar;C:\mvn_repo\net\bytebuddy\byte-buddy\1.9.12\byte-buddy-1.9.12.jar;C:\mvn_repo\net\bytebuddy\byte-buddy-agent\1.9.12\byte-buddy-agent-1.9.12.jar;C:\mvn_repo\org\objenesis\objenesis\2.6\objenesis-2.6.jar;C:\mvn_repo\org\skyscreamer\jsonassert\1.5.0\jsonassert-1.5.0.jar;C:\mvn_repo\com\vaadin\external\google\android-json\0.0.20131108.vaadin1\android-json-0.0.20131108.vaadin1.jar;C:\mvn_repo\org\springframework\spring-test\5.2.0.M2\spring-test-5.2.0.M2.jar;C:\mvn_repo\org\xmlunit\xmlunit-core\2.6.2\xmlunit-core-2.6.2.jar;"/>
    <property name="java.vm.vendor" value="Oracle Corporation"/>
    <property name="sun.arch.data.model" value="64"/>
    <property name="user.variant" value=""/>
    <property name="java.vendor.url" value="http://java.oracle.com/"/>
    <property name="user.timezone" value="Asia/Colombo"/>
    <property name="java.vm.specification.version" value="1.8"/>
    <property name="os.name" value="Windows 10"/>
    <property name="user.country" value="US"/>
    <property name="sun.java.launcher" value="SUN_STANDARD"/>
    <property name="sun.boot.library.path" value="C:\Program Files\Java\jdk1.8.0_181\jre\bin"/>
    <property name="sun.java.command" value="C:\Users\JMADUS~1\AppData\Local\Temp\surefire4417815154726361494\surefirebooter4244163305933618682.jar C:\Users\JMadushan\AppData\Local\Temp\surefire4417815154726361494 2019-07-03T12-32-07_143-jvmRun1 surefire7097916109372390962tmp surefire_02632615834823871017tmp"/>
    <property name="surefire.test.class.path" value="C:\Workspaces\microservices\test-service\pet-service\target\test-classes;C:\Workspaces\microservices\test-service\pet-service\target\classes;C:\Workspaces\microservices\test-service\domain-models\target\domain-models-0.0.1-SNAPSHOT.jar;C:\Workspaces\microservices\test-service\swagger-specs\target\swagger-specs-0.0.1-SNAPSHOT.jar;C:\mvn_repo\com\fasterxml\jackson\core\jackson-annotations\2.9.0\jackson-annotations-2.9.0.jar;C:\mvn_repo\org\springframework\spring-context\5.2.0.M2\spring-context-5.2.0.M2.jar;C:\mvn_repo\org\springframework\spring-aop\5.2.0.M2\spring-aop-5.2.0.M2.jar;C:\mvn_repo\org\springframework\spring-expression\5.2.0.M2\spring-expression-5.2.0.M2.jar;C:\mvn_repo\jakarta\validation\jakarta.validation-api\2.0.1\jakarta.validation-api-2.0.1.jar;C:\mvn_repo\org\springframework\boot\spring-boot-starter\2.2.0.M3\spring-boot-starter-2.2.0.M3.jar;C:\mvn_repo\org\springframework\boot\spring-boot\2.2.0.M3\spring-boot-2.2.0.M3.jar;C:\mvn_repo\org\springframework\boot\spring-boot-autoconfigure\2.2.0.M3\spring-boot-autoconfigure-2.2.0.M3.jar;C:\mvn_repo\org\springframework\boot\spring-boot-starter-logging\2.2.0.M3\spring-boot-starter-logging-2.2.0.M3.jar;C:\mvn_repo\ch\qos\logback\logback-classic\1.2.3\logback-classic-1.2.3.jar;C:\mvn_repo\ch\qos\logback\logback-core\1.2.3\logback-core-1.2.3.jar;C:\mvn_repo\org\apache\logging\log4j\log4j-to-slf4j\2.11.2\log4j-to-slf4j-2.11.2.jar;C:\mvn_repo\org\apache\logging\log4j\log4j-api\2.11.2\log4j-api-2.11.2.jar;C:\mvn_repo\org\slf4j\jul-to-slf4j\1.7.26\jul-to-slf4j-1.7.26.jar;C:\mvn_repo\jakarta\annotation\jakarta.annotation-api\1.3.4\jakarta.annotation-api-1.3.4.jar;C:\mvn_repo\org\springframework\spring-core\5.2.0.M2\spring-core-5.2.0.M2.jar;C:\mvn_repo\org\springframework\spring-jcl\5.2.0.M2\spring-jcl-5.2.0.M2.jar;C:\mvn_repo\org\yaml\snakeyaml\1.24\snakeyaml-1.24.jar;C:\mvn_repo\org\springframework\cloud\spring-cloud-starter-openfeign\2.1.0.RELEASE\spring-cloud-starter-openfeign-2.1.0.RELEASE.jar;C:\mvn_repo\org\springframework\cloud\spring-cloud-starter\2.1.0.RELEASE\spring-cloud-starter-2.1.0.RELEASE.jar;C:\mvn_repo\org\springframework\cloud\spring-cloud-context\2.1.0.RELEASE\spring-cloud-context-2.1.0.RELEASE.jar;C:\mvn_repo\org\springframework\security\spring-security-rsa\1.0.7.RELEASE\spring-security-rsa-1.0.7.RELEASE.jar;C:\mvn_repo\org\bouncycastle\bcpkix-jdk15on\1.60\bcpkix-jdk15on-1.60.jar;C:\mvn_repo\org\bouncycastle\bcprov-jdk15on\1.60\bcprov-jdk15on-1.60.jar;C:\mvn_repo\org\springframework\cloud\spring-cloud-openfeign-core\2.1.0.RELEASE\spring-cloud-openfeign-core-2.1.0.RELEASE.jar;C:\mvn_repo\org\springframework\cloud\spring-cloud-netflix-ribbon\2.1.0.RELEASE\spring-cloud-netflix-ribbon-2.1.0.RELEASE.jar;C:\mvn_repo\org\springframework\cloud\spring-cloud-netflix-archaius\2.1.0.RELEASE\spring-cloud-netflix-archaius-2.1.0.RELEASE.jar;C:\mvn_repo\org\springframework\boot\spring-boot-starter-aop\2.2.0.M3\spring-boot-starter-aop-2.2.0.M3.jar;C:\mvn_repo\org\aspectj\aspectjweaver\1.9.4\aspectjweaver-1.9.4.jar;C:\mvn_repo\io\github\openfeign\form\feign-form-spring\3.5.0\feign-form-spring-3.5.0.jar;C:\mvn_repo\commons-fileupload\commons-fileupload\1.3.3\commons-fileupload-1.3.3.jar;C:\mvn_repo\commons-io\commons-io\2.2\commons-io-2.2.jar;C:\mvn_repo\org\springframework\spring-web\5.2.0.M2\spring-web-5.2.0.M2.jar;C:\mvn_repo\org\springframework\cloud\spring-cloud-commons\2.1.0.RELEASE\spring-cloud-commons-2.1.0.RELEASE.jar;C:\mvn_repo\org\springframework\security\spring-security-crypto\5.2.0.M2\spring-security-crypto-5.2.0.M2.jar;C:\mvn_repo\io\github\openfeign\feign-hystrix\10.1.0\feign-hystrix-10.1.0.jar;C:\mvn_repo\com\netflix\archaius\archaius-core\0.7.6\archaius-core-0.7.6.jar;C:\mvn_repo\com\google\code\findbugs\jsr305\3.0.1\jsr305-3.0.1.jar;C:\mvn_repo\commons-configuration\commons-configuration\1.8\commons-configuration-1.8.jar;C:\mvn_repo\commons-lang\commons-lang\2.6\commons-lang-2.6.jar;C:\mvn_repo\com\google\guava\guava\16.0\guava-16.0.jar;C:\mvn_repo\com\netflix\hystrix\hystrix-core\1.5.18\hystrix-core-1.5.18.jar;C:\mvn_repo\io\reactivex\rxjava\1.3.8\rxjava-1.3.8.jar;C:\mvn_repo\org\hdrhistogram\HdrHistogram\2.1.9\HdrHistogram-2.1.9.jar;C:\mvn_repo\org\springframework\security\oauth\spring-security-oauth2\2.0.10.RELEASE\spring-security-oauth2-2.0.10.RELEASE.jar;C:\mvn_repo\org\springframework\spring-beans\5.2.0.M2\spring-beans-5.2.0.M2.jar;C:\mvn_repo\org\springframework\spring-webmvc\5.2.0.M2\spring-webmvc-5.2.0.M2.jar;C:\mvn_repo\org\springframework\security\spring-security-core\5.2.0.M2\spring-security-core-5.2.0.M2.jar;C:\mvn_repo\org\springframework\security\spring-security-config\5.2.0.M2\spring-security-config-5.2.0.M2.jar;C:\mvn_repo\org\springframework\security\spring-security-web\5.2.0.M2\spring-security-web-5.2.0.M2.jar;C:\mvn_repo\commons-codec\commons-codec\1.12\commons-codec-1.12.jar;C:\mvn_repo\org\codehaus\jackson\jackson-mapper-asl\1.9.13\jackson-mapper-asl-1.9.13.jar;C:\mvn_repo\org\codehaus\jackson\jackson-core-asl\1.9.13\jackson-core-asl-1.9.13.jar;C:\mvn_repo\io\swagger\swagger-annotations\1.5.4\swagger-annotations-1.5.4.jar;C:\mvn_repo\io\github\openfeign\feign-jackson\9.7.0\feign-jackson-9.7.0.jar;C:\mvn_repo\com\fasterxml\jackson\core\jackson-databind\2.9.8\jackson-databind-2.9.8.jar;C:\mvn_repo\io\github\openfeign\feign-core\9.7.0\feign-core-9.7.0.jar;C:\mvn_repo\io\github\openfeign\feign-slf4j\9.7.0\feign-slf4j-9.7.0.jar;C:\mvn_repo\org\slf4j\slf4j-api\1.7.26\slf4j-api-1.7.26.jar;C:\mvn_repo\io\github\openfeign\form\feign-form\3.8.0\feign-form-3.8.0.jar;C:\mvn_repo\io\github\openfeign\feign-okhttp\9.7.0\feign-okhttp-9.7.0.jar;C:\mvn_repo\com\squareup\okhttp3\okhttp\3.14.1\okhttp-3.14.1.jar;C:\mvn_repo\com\squareup\okio\okio\1.17.2\okio-1.17.2.jar;C:\mvn_repo\io\github\openfeign\feign-httpclient\9.7.0\feign-httpclient-9.7.0.jar;C:\mvn_repo\org\apache\httpcomponents\httpclient\4.5.8\httpclient-4.5.8.jar;C:\mvn_repo\org\apache\httpcomponents\httpcore\4.4.11\httpcore-4.4.11.jar;C:\mvn_repo\com\github\joschi\jackson\jackson-datatype-threetenbp\2.6.4\jackson-datatype-threetenbp-2.6.4.jar;C:\mvn_repo\com\fasterxml\jackson\core\jackson-core\2.9.8\jackson-core-2.9.8.jar;C:\mvn_repo\io\swagger\core\v3\swagger-annotations\2.0.8\swagger-annotations-2.0.8.jar;C:\mvn_repo\org\threeten\threetenbp\1.3.3\threetenbp-1.3.3.jar;C:\mvn_repo\org\apache\oltu\oauth2\org.apache.oltu.oauth2.client\1.0.2\org.apache.oltu.oauth2.client-1.0.2.jar;C:\mvn_repo\org\apache\oltu\oauth2\org.apache.oltu.oauth2.common\1.0.2\org.apache.oltu.oauth2.common-1.0.2.jar;C:\mvn_repo\org\json\json\20140107\json-20140107.jar;C:\mvn_repo\javax\validation\validation-api\2.0.1.Final\validation-api-2.0.1.Final.jar;C:\mvn_repo\org\springframework\boot\spring-boot-starter-test\2.2.0.M3\spring-boot-starter-test-2.2.0.M3.jar;C:\mvn_repo\org\springframework\boot\spring-boot-test\2.2.0.M3\spring-boot-test-2.2.0.M3.jar;C:\mvn_repo\org\springframework\boot\spring-boot-test-autoconfigure\2.2.0.M3\spring-boot-test-autoconfigure-2.2.0.M3.jar;C:\mvn_repo\com\jayway\jsonpath\json-path\2.4.0\json-path-2.4.0.jar;C:\mvn_repo\net\minidev\json-smart\2.3\json-smart-2.3.jar;C:\mvn_repo\net\minidev\accessors-smart\1.2\accessors-smart-1.2.jar;C:\mvn_repo\org\ow2\asm\asm\5.0.4\asm-5.0.4.jar;C:\mvn_repo\jakarta\xml\bind\jakarta.xml.bind-api\2.3.2\jakarta.xml.bind-api-2.3.2.jar;C:\mvn_repo\jakarta\activation\jakarta.activation-api\1.2.1\jakarta.activation-api-1.2.1.jar;C:\mvn_repo\org\junit\jupiter\junit-jupiter\5.4.2\junit-jupiter-5.4.2.jar;C:\mvn_repo\org\junit\jupiter\junit-jupiter-api\5.4.2\junit-jupiter-api-5.4.2.jar;C:\mvn_repo\org\apiguardian\apiguardian-api\1.0.0\apiguardian-api-1.0.0.jar;C:\mvn_repo\org\opentest4j\opentest4j\1.1.1\opentest4j-1.1.1.jar;C:\mvn_repo\org\junit\platform\junit-platform-commons\1.4.2\junit-platform-commons-1.4.2.jar;C:\mvn_repo\org\junit\jupiter\junit-jupiter-params\5.4.2\junit-jupiter-params-5.4.2.jar;C:\mvn_repo\org\junit\jupiter\junit-jupiter-engine\5.4.2\junit-jupiter-engine-5.4.2.jar;C:\mvn_repo\org\junit\platform\junit-platform-engine\1.4.2\junit-platform-engine-1.4.2.jar;C:\mvn_repo\org\mockito\mockito-junit-jupiter\2.27.0\mockito-junit-jupiter-2.27.0.jar;C:\mvn_repo\org\assertj\assertj-core\3.12.2\assertj-core-3.12.2.jar;C:\mvn_repo\org\hamcrest\hamcrest-core\1.3\hamcrest-core-1.3.jar;C:\mvn_repo\org\hamcrest\hamcrest-library\1.3\hamcrest-library-1.3.jar;C:\mvn_repo\org\mockito\mockito-core\2.27.0\mockito-core-2.27.0.jar;C:\mvn_repo\net\bytebuddy\byte-buddy\1.9.12\byte-buddy-1.9.12.jar;C:\mvn_repo\net\bytebuddy\byte-buddy-agent\1.9.12\byte-buddy-agent-1.9.12.jar;C:\mvn_repo\org\objenesis\objenesis\2.6\objenesis-2.6.jar;C:\mvn_repo\org\skyscreamer\jsonassert\1.5.0\jsonassert-1.5.0.jar;C:\mvn_repo\com\vaadin\external\google\android-json\0.0.20131108.vaadin1\android-json-0.0.20131108.vaadin1.jar;C:\mvn_repo\org\springframework\spring-test\5.2.0.M2\spring-test-5.2.0.M2.jar;C:\mvn_repo\org\xmlunit\xmlunit-core\2.6.2\xmlunit-core-2.6.2.jar;"/>
    <property name="sun.cpu.endian" value="little"/>
    <property name="user.home" value="C:\Users\JMadushan"/>
    <property name="user.language" value="en"/>
    <property name="java.specification.vendor" value="Oracle Corporation"/>
    <property name="java.home" value="C:\Program Files\Java\jdk1.8.0_181\jre"/>
    <property name="basedir" value="C:\Workspaces\microservices\test-service\pet-service"/>
    <property name="file.separator" value="\"/>
    <property name="line.separator" value="&#10;"/>
    <property name="java.vm.specification.vendor" value="Oracle Corporation"/>
    <property name="java.specification.name" value="Java Platform API Specification"/>
    <property name="java.awt.graphicsenv" value="sun.awt.Win32GraphicsEnvironment"/>
    <property name="surefire.real.class.path" value="C:\Users\JMADUS~1\AppData\Local\Temp\surefire4417815154726361494\surefirebooter4244163305933618682.jar"/>
    <property name="sun.boot.class.path" value="C:\Program Files\Java\jdk1.8.0_181\jre\lib\resources.jar;C:\Program Files\Java\jdk1.8.0_181\jre\lib\rt.jar;C:\Program Files\Java\jdk1.8.0_181\jre\lib\sunrsasign.jar;C:\Program Files\Java\jdk1.8.0_181\jre\lib\jsse.jar;C:\Program Files\Java\jdk1.8.0_181\jre\lib\jce.jar;C:\Program Files\Java\jdk1.8.0_181\jre\lib\charsets.jar;C:\Program Files\Java\jdk1.8.0_181\jre\lib\jfr.jar;C:\Program Files\Java\jdk1.8.0_181\jre\classes"/>
    <property name="user.script" value=""/>
    <property name="sun.management.compiler" value="HotSpot 64-Bit Tiered Compilers"/>
    <property name="java.runtime.version" value="1.8.0_181-b13"/>
    <property name="user.name" value="JMadushan"/>
    <property name="path.separator" value=";"/>
    <property name="os.version" value="10.0"/>
    <property name="java.endorsed.dirs" value="C:\Program Files\Java\jdk1.8.0_181\jre\lib\endorsed"/>
    <property name="java.runtime.name" value="Java(TM) SE Runtime Environment"/>
    <property name="file.encoding" value="Cp1252"/>
    <property name="java.vm.name" value="Java HotSpot(TM) 64-Bit Server VM"/>
    <property name="localRepository" value="C:\mvn_repo"/>
    <property name="java.vendor.url.bug" value="http://bugreport.sun.com/bugreport/"/>
    <property name="java.io.tmpdir" value="C:\Users\JMADUS~1\AppData\Local\Temp\"/>
    <property name="java.version" value="1.8.0_181"/>
    <property name="user.dir" value="C:\Workspaces\microservices\test-service\pet-service"/>
    <property name="os.arch" value="amd64"/>
    <property name="java.vm.specification.name" value="Java Virtual Machine Specification"/>
    <property name="java.awt.printerjob" value="sun.awt.windows.WPrinterJob"/>
    <property name="sun.os.patch.level" value=""/>
    <property name="java.library.path" value="C:\Program Files\Java\jdk1.8.0_181\jre\bin;C:\WINDOWS\Sun\Java\bin;C:\WINDOWS\system32;C:\WINDOWS;C:\Program Files (x86)\Common Files\Oracle\Java\javapath;C:\Program Files\Docker\Docker\Resources\bin;C:\Program Files (x86)\Intel\Intel(R) Management Engine Components\iCLS\;C:\Program Files\Intel\Intel(R) Management Engine Components\iCLS\;C:\WINDOWS\system32;C:\WINDOWS;C:\WINDOWS\System32\Wbem;C:\WINDOWS\System32\WindowsPowerShell\v1.0\;C:\Program Files (x86)\Microsoft SQL Server\Client SDK\ODBC\130\Tools\Binn\;C:\Program Files (x86)\Microsoft SQL Server\140\Tools\Binn\;C:\Program Files (x86)\Microsoft SQL Server\140\DTS\Binn\;C:\Program Files (x86)\Microsoft SQL Server\140\Tools\Binn\ManagementStudio\;C:\Program Files (x86)\Intel\Intel(R) Management Engine Components\DAL;C:\Program Files\Intel\Intel(R) Management Engine Components\DAL;C:\Program Files (x86)\Intel\Intel(R) Management Engine Components\IPT;C:\Program Files\Intel\Intel(R) Management Engine Components\IPT;C:\WINDOWS\System32\OpenSSH\;C:\Program Files\Git\cmd;C:\Program Files\Git\mingw64\bin;C:\Program Files\Git\usr\bin;C:\Program Files\TortoiseSVN\bin;C:\Program Files\nodejs\;C:\Program Files\PuTTY\;C:\Program Files\Intel\WiFi\bin\;C:\Program Files\Common Files\Intel\WirelessCommon\;C:\Users\JMadushan\AppData\Local\Microsoft\WindowsApps;C:\maven\apache-maven-3.6.0\bin;C:\Program Files\Java\jdk1.8.0_181\bin;C:\Applications\Atlassian\atlassian-plugin-sdk-6.3.10\bin;C:\Users\JMadushan\AppData\Roaming\npm;."/>
    <property name="java.vm.info" value="mixed mode"/>
    <property name="java.vendor" value="Oracle Corporation"/>
    <property name="java.vm.version" value="25.181-b13"/>
    <property name="java.ext.dirs" value="C:\Program Files\Java\jdk1.8.0_181\jre\lib\ext;C:\WINDOWS\Sun\Java\lib\ext"/>
    <property name="sun.io.unicode.encoding" value="UnicodeLittle"/>
    <property name="java.class.version" value="52.0"/>
  </properties>
  <testcase name="contextLoads" classname="com.swagger.microservice.testservice.ApplicationTests" time="0.001"/>
</testsuite>